<?xml version="1.0" encoding="UTF-8"?>
<!-- Generated by org.testng.reporters.JUnitReportReporter -->
<testsuite skipped="0" hostname="Xenial" name="FirstTest" tests="1" failures="0" timestamp="23 Dec 2018 19:22:30 GMT" time="14.113" errors="0">
  <testcase name="firstTest" time="14.113" classname="FirstTest"/>
</testsuite> <!-- FirstTest -->
