<?xml version="1.0" encoding="UTF-8"?>
<!-- Generated by org.testng.reporters.JUnitReportReporter -->
<testsuite skipped="0" hostname="Xenial" name="FirstTest" tests="1" failures="0" timestamp="22 Dec 2018 03:09:46 GMT" time="14.520" errors="0">
  <testcase name="firstTest" time="14.520" classname="FirstTest"/>
</testsuite> <!-- FirstTest -->
