<?xml version="1.0" encoding="UTF-8"?>
<!-- Generated by org.testng.reporters.JUnitReportReporter -->
<testsuite skipped="0" hostname="Xenial" name="FirstTest" tests="1" failures="0" timestamp="23 Dec 2018 19:01:01 GMT" time="17.080" errors="0">
  <testcase name="firstTest" time="17.080" classname="FirstTest"/>
</testsuite> <!-- FirstTest -->
